#! /usr/local/bin/vvp
:ivl_version "12.0 (stable)";
:ivl_delay_selection "TYPICAL";
:vpi_time_precision - 12;
:vpi_module "/usr/local/lib/ivl/system.vpi";
:vpi_module "/usr/local/lib/ivl/vhdl_sys.vpi";
:vpi_module "/usr/local/lib/ivl/vhdl_textio.vpi";
:vpi_module "/usr/local/lib/ivl/v2005_math.vpi";
:vpi_module "/usr/local/lib/ivl/va_math.vpi";
:vpi_module "/usr/local/lib/ivl/v2009.vpi";
S_0x271df70 .scope package, "$unit" "$unit" 2 1;
 .timescale 0 0;
S_0x271e100 .scope module, "alu_tb" "alu_tb" 3 3;
 .timescale -9 -12;
v0x273cd70_0 .var "A", 15 0;
v0x273ce50_0 .net "Alu_out", 15 0, v0x273c810_0;  1 drivers
v0x273cf20_0 .var "B", 15 0;
v0x273d020_0 .net "flags", 2 0, v0x273c9e0_0;  1 drivers
v0x273d0f0_0 .var "op", 2 0;
S_0x26ef580 .scope module, "uut" "alu" 3 9, 4 1 0, S_0x271e100;
 .timescale 0 0;
    .port_info 0 /INPUT 16 "A";
    .port_info 1 /INPUT 16 "B";
    .port_info 2 /INPUT 3 "op";
    .port_info 3 /OUTPUT 16 "Alu_out";
    .port_info 4 /OUTPUT 3 "flags";
v0x271f0f0_0 .net "A", 15 0, v0x273cd70_0;  1 drivers
v0x273c810_0 .var "Alu_out", 15 0;
v0x273c8f0_0 .net "B", 15 0, v0x273cf20_0;  1 drivers
v0x273c9e0_0 .var "flags", 2 0;
v0x273cac0_0 .net "op", 2 0, v0x273d0f0_0;  1 drivers
v0x273cbf0_0 .var "temp", 16 0;
E_0x26de390/0 .event anyedge, v0x273cac0_0, v0x271f0f0_0, v0x273c8f0_0, v0x273cbf0_0;
E_0x26de390/1 .event anyedge, v0x273c810_0;
E_0x26de390 .event/or E_0x26de390/0, E_0x26de390/1;
    .scope S_0x26ef580;
T_0 ;
    %wait E_0x26de390;
    %pushi/vec4 0, 0, 3;
    %store/vec4 v0x273c9e0_0, 0, 3;
    %pushi/vec4 0, 0, 16;
    %store/vec4 v0x273c810_0, 0, 16;
    %load/vec4 v0x273cac0_0;
    %dup/vec4;
    %pushi/vec4 0, 0, 3;
    %cmp/u;
    %jmp/1 T_0.0, 6;
    %dup/vec4;
    %pushi/vec4 1, 0, 3;
    %cmp/u;
    %jmp/1 T_0.1, 6;
    %dup/vec4;
    %pushi/vec4 2, 0, 3;
    %cmp/u;
    %jmp/1 T_0.2, 6;
    %dup/vec4;
    %pushi/vec4 3, 0, 3;
    %cmp/u;
    %jmp/1 T_0.3, 6;
    %dup/vec4;
    %pushi/vec4 4, 0, 3;
    %cmp/u;
    %jmp/1 T_0.4, 6;
    %dup/vec4;
    %pushi/vec4 5, 0, 3;
    %cmp/u;
    %jmp/1 T_0.5, 6;
    %dup/vec4;
    %pushi/vec4 6, 0, 3;
    %cmp/u;
    %jmp/1 T_0.6, 6;
    %dup/vec4;
    %pushi/vec4 7, 0, 3;
    %cmp/u;
    %jmp/1 T_0.7, 6;
    %pushi/vec4 0, 0, 16;
    %store/vec4 v0x273c810_0, 0, 16;
    %pushi/vec4 0, 0, 3;
    %store/vec4 v0x273c9e0_0, 0, 3;
    %jmp T_0.9;
T_0.0 ;
    %pushi/vec4 0, 0, 1;
    %load/vec4 v0x271f0f0_0;
    %concat/vec4; draw_concat_vec4
    %pushi/vec4 0, 0, 1;
    %load/vec4 v0x273c8f0_0;
    %concat/vec4; draw_concat_vec4
    %add;
    %store/vec4 v0x273cbf0_0, 0, 17;
    %load/vec4 v0x273cbf0_0;
    %parti/s 16, 0, 2;
    %store/vec4 v0x273c810_0, 0, 16;
    %load/vec4 v0x273cbf0_0;
    %parti/s 1, 16, 6;
    %ix/load 4, 0, 0;
    %flag_set/imm 4, 0;
    %store/vec4 v0x273c9e0_0, 4, 1;
    %load/vec4 v0x273c810_0;
    %parti/s 1, 15, 5;
    %ix/load 4, 2, 0;
    %flag_set/imm 4, 0;
    %store/vec4 v0x273c9e0_0, 4, 1;
    %load/vec4 v0x273c810_0;
    %cmpi/e 0, 0, 16;
    %flag_mov 8, 4;
    %jmp/0 T_0.10, 8;
    %pushi/vec4 1, 0, 1;
    %jmp/1 T_0.11, 8;
T_0.10 ; End of true expr.
    %pushi/vec4 0, 0, 1;
    %jmp/0 T_0.11, 8;
 ; End of false expr.
    %blend;
T_0.11;
    %ix/load 4, 1, 0;
    %flag_set/imm 4, 0;
    %store/vec4 v0x273c9e0_0, 4, 1;
    %jmp T_0.9;
T_0.1 ;
    %pushi/vec4 0, 0, 1;
    %load/vec4 v0x271f0f0_0;
    %concat/vec4; draw_concat_vec4
    %pushi/vec4 0, 0, 1;
    %load/vec4 v0x273c8f0_0;
    %concat/vec4; draw_concat_vec4
    %sub;
    %store/vec4 v0x273cbf0_0, 0, 17;
    %load/vec4 v0x273cbf0_0;
    %parti/s 16, 0, 2;
    %store/vec4 v0x273c810_0, 0, 16;
    %load/vec4 v0x273cbf0_0;
    %parti/s 1, 16, 6;
    %ix/load 4, 0, 0;
    %flag_set/imm 4, 0;
    %store/vec4 v0x273c9e0_0, 4, 1;
    %load/vec4 v0x273c810_0;
    %parti/s 1, 15, 5;
    %ix/load 4, 2, 0;
    %flag_set/imm 4, 0;
    %store/vec4 v0x273c9e0_0, 4, 1;
    %load/vec4 v0x273c810_0;
    %cmpi/e 0, 0, 16;
    %flag_mov 8, 4;
    %jmp/0 T_0.12, 8;
    %pushi/vec4 1, 0, 1;
    %jmp/1 T_0.13, 8;
T_0.12 ; End of true expr.
    %pushi/vec4 0, 0, 1;
    %jmp/0 T_0.13, 8;
 ; End of false expr.
    %blend;
T_0.13;
    %ix/load 4, 1, 0;
    %flag_set/imm 4, 0;
    %store/vec4 v0x273c9e0_0, 4, 1;
    %jmp T_0.9;
T_0.2 ;
    %pushi/vec4 0, 0, 1;
    %load/vec4 v0x271f0f0_0;
    %concat/vec4; draw_concat_vec4
    %pushi/vec4 0, 0, 1;
    %load/vec4 v0x273c8f0_0;
    %concat/vec4; draw_concat_vec4
    %sub;
    %store/vec4 v0x273cbf0_0, 0, 17;
    %pushi/vec4 0, 0, 16;
    %store/vec4 v0x273c810_0, 0, 16;
    %load/vec4 v0x273cbf0_0;
    %parti/s 1, 16, 6;
    %ix/load 4, 0, 0;
    %flag_set/imm 4, 0;
    %store/vec4 v0x273c9e0_0, 4, 1;
    %load/vec4 v0x273c810_0;
    %parti/s 1, 15, 5;
    %ix/load 4, 2, 0;
    %flag_set/imm 4, 0;
    %store/vec4 v0x273c9e0_0, 4, 1;
    %load/vec4 v0x273c810_0;
    %cmpi/e 0, 0, 16;
    %flag_mov 8, 4;
    %jmp/0 T_0.14, 8;
    %pushi/vec4 1, 0, 1;
    %jmp/1 T_0.15, 8;
T_0.14 ; End of true expr.
    %pushi/vec4 0, 0, 1;
    %jmp/0 T_0.15, 8;
 ; End of false expr.
    %blend;
T_0.15;
    %ix/load 4, 1, 0;
    %flag_set/imm 4, 0;
    %store/vec4 v0x273c9e0_0, 4, 1;
    %jmp T_0.9;
T_0.3 ;
    %pushi/vec4 0, 0, 1;
    %load/vec4 v0x271f0f0_0;
    %concat/vec4; draw_concat_vec4
    %addi 1, 0, 17;
    %store/vec4 v0x273cbf0_0, 0, 17;
    %load/vec4 v0x273cbf0_0;
    %parti/s 16, 0, 2;
    %store/vec4 v0x273c810_0, 0, 16;
    %load/vec4 v0x273cbf0_0;
    %parti/s 1, 16, 6;
    %ix/load 4, 0, 0;
    %flag_set/imm 4, 0;
    %store/vec4 v0x273c9e0_0, 4, 1;
    %load/vec4 v0x273c810_0;
    %parti/s 1, 15, 5;
    %ix/load 4, 2, 0;
    %flag_set/imm 4, 0;
    %store/vec4 v0x273c9e0_0, 4, 1;
    %load/vec4 v0x273c810_0;
    %cmpi/e 0, 0, 16;
    %flag_mov 8, 4;
    %jmp/0 T_0.16, 8;
    %pushi/vec4 1, 0, 1;
    %jmp/1 T_0.17, 8;
T_0.16 ; End of true expr.
    %pushi/vec4 0, 0, 1;
    %jmp/0 T_0.17, 8;
 ; End of false expr.
    %blend;
T_0.17;
    %ix/load 4, 1, 0;
    %flag_set/imm 4, 0;
    %store/vec4 v0x273c9e0_0, 4, 1;
    %jmp T_0.9;
T_0.4 ;
    %load/vec4 v0x271f0f0_0;
    %load/vec4 v0x273c8f0_0;
    %and;
    %store/vec4 v0x273c810_0, 0, 16;
    %load/vec4 v0x273c810_0;
    %parti/s 1, 15, 5;
    %ix/load 4, 2, 0;
    %flag_set/imm 4, 0;
    %store/vec4 v0x273c9e0_0, 4, 1;
    %load/vec4 v0x273c810_0;
    %cmpi/e 0, 0, 16;
    %flag_mov 8, 4;
    %jmp/0 T_0.18, 8;
    %pushi/vec4 1, 0, 1;
    %jmp/1 T_0.19, 8;
T_0.18 ; End of true expr.
    %pushi/vec4 0, 0, 1;
    %jmp/0 T_0.19, 8;
 ; End of false expr.
    %blend;
T_0.19;
    %ix/load 4, 1, 0;
    %flag_set/imm 4, 0;
    %store/vec4 v0x273c9e0_0, 4, 1;
    %jmp T_0.9;
T_0.5 ;
    %load/vec4 v0x271f0f0_0;
    %load/vec4 v0x273c8f0_0;
    %or;
    %store/vec4 v0x273c810_0, 0, 16;
    %load/vec4 v0x273c810_0;
    %parti/s 1, 15, 5;
    %ix/load 4, 2, 0;
    %flag_set/imm 4, 0;
    %store/vec4 v0x273c9e0_0, 4, 1;
    %load/vec4 v0x273c810_0;
    %cmpi/e 0, 0, 16;
    %flag_mov 8, 4;
    %jmp/0 T_0.20, 8;
    %pushi/vec4 1, 0, 1;
    %jmp/1 T_0.21, 8;
T_0.20 ; End of true expr.
    %pushi/vec4 0, 0, 1;
    %jmp/0 T_0.21, 8;
 ; End of false expr.
    %blend;
T_0.21;
    %ix/load 4, 1, 0;
    %flag_set/imm 4, 0;
    %store/vec4 v0x273c9e0_0, 4, 1;
    %jmp T_0.9;
T_0.6 ;
    %load/vec4 v0x271f0f0_0;
    %inv;
    %store/vec4 v0x273c810_0, 0, 16;
    %load/vec4 v0x273c810_0;
    %parti/s 1, 15, 5;
    %ix/load 4, 2, 0;
    %flag_set/imm 4, 0;
    %store/vec4 v0x273c9e0_0, 4, 1;
    %load/vec4 v0x273c810_0;
    %cmpi/e 0, 0, 16;
    %flag_mov 8, 4;
    %jmp/0 T_0.22, 8;
    %pushi/vec4 1, 0, 1;
    %jmp/1 T_0.23, 8;
T_0.22 ; End of true expr.
    %pushi/vec4 0, 0, 1;
    %jmp/0 T_0.23, 8;
 ; End of false expr.
    %blend;
T_0.23;
    %ix/load 4, 1, 0;
    %flag_set/imm 4, 0;
    %store/vec4 v0x273c9e0_0, 4, 1;
    %jmp T_0.9;
T_0.7 ;
    %load/vec4 v0x273c8f0_0;
    %inv;
    %store/vec4 v0x273c810_0, 0, 16;
    %load/vec4 v0x273c810_0;
    %parti/s 1, 15, 5;
    %ix/load 4, 2, 0;
    %flag_set/imm 4, 0;
    %store/vec4 v0x273c9e0_0, 4, 1;
    %load/vec4 v0x273c810_0;
    %cmpi/e 0, 0, 16;
    %flag_mov 8, 4;
    %jmp/0 T_0.24, 8;
    %pushi/vec4 1, 0, 1;
    %jmp/1 T_0.25, 8;
T_0.24 ; End of true expr.
    %pushi/vec4 0, 0, 1;
    %jmp/0 T_0.25, 8;
 ; End of false expr.
    %blend;
T_0.25;
    %ix/load 4, 1, 0;
    %flag_set/imm 4, 0;
    %store/vec4 v0x273c9e0_0, 4, 1;
    %jmp T_0.9;
T_0.9 ;
    %pop/vec4 1;
    %jmp T_0;
    .thread T_0, $push;
    .scope S_0x271e100;
T_1 ;
    %vpi_call/w 3 18 "$monitor", "Time=%0t | A=%h, B=%h, op=%b | Alu_out=%h, flags=%b", $time, v0x273cd70_0, v0x273cf20_0, v0x273d0f0_0, v0x273ce50_0, v0x273d020_0 {0 0 0};
    %vpi_call/w 3 20 "$dumpfile", "dump.vcd" {0 0 0};
    %vpi_call/w 3 21 "$dumpvars", 32'sb00000000000000000000000000000001, S_0x271e100 {0 0 0};
    %pushi/vec4 5, 0, 16;
    %store/vec4 v0x273cd70_0, 0, 16;
    %pushi/vec4 3, 0, 16;
    %store/vec4 v0x273cf20_0, 0, 16;
    %pushi/vec4 0, 0, 3;
    %store/vec4 v0x273d0f0_0, 0, 3;
    %delay 10000, 0;
    %pushi/vec4 5, 0, 16;
    %store/vec4 v0x273cd70_0, 0, 16;
    %pushi/vec4 3, 0, 16;
    %store/vec4 v0x273cf20_0, 0, 16;
    %pushi/vec4 1, 0, 3;
    %store/vec4 v0x273d0f0_0, 0, 3;
    %delay 10000, 0;
    %pushi/vec4 65535, 0, 16;
    %store/vec4 v0x273cd70_0, 0, 16;
    %pushi/vec4 65535, 0, 16;
    %store/vec4 v0x273cf20_0, 0, 16;
    %pushi/vec4 2, 0, 3;
    %store/vec4 v0x273d0f0_0, 0, 3;
    %delay 10000, 0;
    %pushi/vec4 65535, 0, 16;
    %store/vec4 v0x273cd70_0, 0, 16;
    %pushi/vec4 0, 0, 16;
    %store/vec4 v0x273cf20_0, 0, 16;
    %pushi/vec4 3, 0, 3;
    %store/vec4 v0x273d0f0_0, 0, 3;
    %delay 10000, 0;
    %pushi/vec4 255, 0, 16;
    %store/vec4 v0x273cd70_0, 0, 16;
    %pushi/vec4 3855, 0, 16;
    %store/vec4 v0x273cf20_0, 0, 16;
    %pushi/vec4 4, 0, 3;
    %store/vec4 v0x273d0f0_0, 0, 3;
    %delay 10000, 0;
    %pushi/vec4 255, 0, 16;
    %store/vec4 v0x273cd70_0, 0, 16;
    %pushi/vec4 3855, 0, 16;
    %store/vec4 v0x273cf20_0, 0, 16;
    %pushi/vec4 5, 0, 3;
    %store/vec4 v0x273d0f0_0, 0, 3;
    %delay 10000, 0;
    %pushi/vec4 255, 0, 16;
    %store/vec4 v0x273cd70_0, 0, 16;
    %pushi/vec4 0, 0, 16;
    %store/vec4 v0x273cf20_0, 0, 16;
    %pushi/vec4 6, 0, 3;
    %store/vec4 v0x273d0f0_0, 0, 3;
    %delay 10000, 0;
    %pushi/vec4 0, 0, 16;
    %store/vec4 v0x273cd70_0, 0, 16;
    %pushi/vec4 3855, 0, 16;
    %store/vec4 v0x273cf20_0, 0, 16;
    %pushi/vec4 7, 0, 3;
    %store/vec4 v0x273d0f0_0, 0, 3;
    %delay 10000, 0;
    %vpi_call/w 3 47 "$finish" {0 0 0};
    %end;
    .thread T_1;
# The file index is used to find the file name in the following table.
:file_names 5;
    "N/A";
    "<interactive>";
    "-";
    "testbench.sv";
    "design.sv";
